0 info it worked if it ends with ok
1 verbose cli [ '/usr/bin/node',
1 verbose cli   '/usr/bin/npm',
1 verbose cli   'install',
1 verbose cli   'grunt-time-grunt',
1 verbose cli   '--save-dev' ]
2 info using npm@1.4.28
3 info using node@v0.10.25
4 verbose node symlink /usr/bin/node
5 warn package.json project-name@0.1.0 No description
6 warn package.json project-name@0.1.0 No repository field.
7 warn package.json project-name@0.1.0 No README data
8 verbose readDependencies using package.json deps
9 verbose cache add [ 'grunt-time-grunt', null ]
10 verbose cache add name=undefined spec="grunt-time-grunt" args=["grunt-time-grunt",null]
11 verbose parsed url { protocol: null,
11 verbose parsed url   slashes: null,
11 verbose parsed url   auth: null,
11 verbose parsed url   host: null,
11 verbose parsed url   port: null,
11 verbose parsed url   hostname: null,
11 verbose parsed url   hash: null,
11 verbose parsed url   search: null,
11 verbose parsed url   query: null,
11 verbose parsed url   pathname: 'grunt-time-grunt',
11 verbose parsed url   path: 'grunt-time-grunt',
11 verbose parsed url   href: 'grunt-time-grunt' }
12 silly lockFile c8287364-grunt-time-grunt grunt-time-grunt
13 verbose lock grunt-time-grunt /home/mzr/.npm/c8287364-grunt-time-grunt.lock
14 silly lockFile c8287364-grunt-time-grunt grunt-time-grunt
15 silly lockFile c8287364-grunt-time-grunt grunt-time-grunt
16 verbose addNamed [ 'grunt-time-grunt', '' ]
17 verbose addNamed [ null, '*' ]
18 silly lockFile 718028c6-grunt-time-grunt grunt-time-grunt@
19 verbose lock grunt-time-grunt@ /home/mzr/.npm/718028c6-grunt-time-grunt.lock
20 silly addNameRange { name: 'grunt-time-grunt', range: '*', hasData: false }
21 verbose request where is /grunt-time-grunt
22 verbose request registry https://registry.npmjs.org/
23 verbose request id 9991c57fcd71aedf
24 verbose url raw /grunt-time-grunt
25 verbose url resolving [ 'https://registry.npmjs.org/', './grunt-time-grunt' ]
26 verbose url resolved https://registry.npmjs.org/grunt-time-grunt
27 verbose request where is https://registry.npmjs.org/grunt-time-grunt
28 info trying registry request attempt 1 at 15:54:27
29 http GET https://registry.npmjs.org/grunt-time-grunt
30 http 404 https://registry.npmjs.org/grunt-time-grunt
31 verbose headers { date: 'Mon, 02 Mar 2015 07:51:30 GMT',
31 verbose headers   server: 'CouchDB/1.5.0 (Erlang OTP/R16B03)',
31 verbose headers   'content-type': 'application/json',
31 verbose headers   'cache-control': 'max-age=0',
31 verbose headers   'content-length': '52',
31 verbose headers   'accept-ranges': 'bytes',
31 verbose headers   via: '1.1 varnish',
31 verbose headers   age: '0',
31 verbose headers   'x-served-by': 'cache-nrt6130-NRT',
31 verbose headers   'x-cache': 'MISS',
31 verbose headers   'x-cache-hits': '0',
31 verbose headers   'x-timer': 'S1425282689.790631,VS0,VE736',
31 verbose headers   'keep-alive': 'timeout=10, max=50',
31 verbose headers   connection: 'Keep-Alive' }
32 silly registry.get cb [ 404,
32 silly registry.get   { date: 'Mon, 02 Mar 2015 07:51:30 GMT',
32 silly registry.get     server: 'CouchDB/1.5.0 (Erlang OTP/R16B03)',
32 silly registry.get     'content-type': 'application/json',
32 silly registry.get     'cache-control': 'max-age=0',
32 silly registry.get     'content-length': '52',
32 silly registry.get     'accept-ranges': 'bytes',
32 silly registry.get     via: '1.1 varnish',
32 silly registry.get     age: '0',
32 silly registry.get     'x-served-by': 'cache-nrt6130-NRT',
32 silly registry.get     'x-cache': 'MISS',
32 silly registry.get     'x-cache-hits': '0',
32 silly registry.get     'x-timer': 'S1425282689.790631,VS0,VE736',
32 silly registry.get     'keep-alive': 'timeout=10, max=50',
32 silly registry.get     connection: 'Keep-Alive' } ]
33 silly lockFile 718028c6-grunt-time-grunt grunt-time-grunt@
34 silly lockFile 718028c6-grunt-time-grunt grunt-time-grunt@
35 error 404 404 Not Found: grunt-time-grunt
35 error 404
35 error 404 'grunt-time-grunt' is not in the npm registry.
35 error 404 You should bug the author to publish it
35 error 404 It was specified as a dependency of 'project-name'
35 error 404
35 error 404 Note that you can also install from a
35 error 404 tarball, folder, or http url, or git url.
36 error System Linux 3.13.0-44-generic
37 error command "/usr/bin/node" "/usr/bin/npm" "install" "grunt-time-grunt" "--save-dev"
38 error cwd /www/miaozhirui-lab
39 error node -v v0.10.25
40 error npm -v 1.4.28
41 error code E404
42 verbose exit [ 1, true ]
